libs/exoplayer/player-lib/build/outputs/mapping/release/seeds.txt
com.player.exoplayer.R$animator
com.player.exoplayer.R$interpolator
com.player.exoplayer.R$plurals
com.player.exoplayer.R$menu
com.player.exoplayer.R$style
com.player.exoplayer.R$bool
com.player.exoplayer.R$attr
com.player.exoplayer.R$dimen
com.player.exoplayer.R$drawable
com.player.exoplayer.R$xml
com.player.exoplayer.R
com.player.exoplayer.R$color
com.player.exoplayer.R$id
com.player.exoplayer.R$string
com.player.exoplayer.R$styleable
com.player.exoplayer.R$array
com.player.exoplayer.R$anim
com.player.exoplayer.R$layout
com.player.exoplayer.R$integer
com.player.exoplayer.R$font
com.player.exoplayer.R$styleable: int StyledPlayerView_buffered_color
com.player.exoplayer.R$id: int action_bar
com.player.exoplayer.R$color: int mtrl_calendar_selected_range
com.player.exoplayer.R$style: int RtlOverlay_Widget_AppCompat_PopupMenuItem_Shortcut
com.player.exoplayer.R$dimen: int mtrl_card_checked_icon_size
com.player.exoplayer.R$attr: int contentInsetLeft
com.player.exoplayer.R$color: int mtrl_textinput_default_box_stroke_color
com.player.exoplayer.R$attr: int trackColorActive
com.player.exoplayer.R$style: int Base_Widget_AppCompat_ImageButton
com.player.exoplayer.R$style: int Widget_Material3_DrawerLayout
com.player.exoplayer.R$anim: int btn_checkbox_to_checked_box_inner_merged_animation
com.player.exoplayer.R$id: int design_navigation_view
com.player.exoplayer.R$styleable: int CompoundButton_android_button
com.player.exoplayer.R$string: int exo_controls_repeat_off_description
com.player.exoplayer.R$attr: int collapseIcon
com.player.exoplayer.R$attr: int arrowHeadLength
com.player.exoplayer.R$styleable: int KeyCycle_android_elevation
com.player.exoplayer.R$style: int Base_V14_Theme_MaterialComponents_Dialog
com.player.exoplayer.R$id: int contentPanel
com.player.exoplayer.R$id: int exo_minimal_fullscreen
com.player.exoplayer.R$string: int exo_controls_cc_disabled_description
com.player.exoplayer.R$color: int m3_sys_color_dynamic_dark_primary
com.player.exoplayer.R$attr: int checkMarkCompat
com.player.exoplayer.R$attr: int trackTint
com.player.exoplayer.R$style: int TextAppearance_AppCompat_Widget_ActionMode_Subtitle
com.player.exoplayer.R$attr: int popupWindowStyle
com.player.exoplayer.R$color: int m3_ref_palette_error80
com.player.exoplayer.R$dimen: int abc_list_item_height_material
com.player.exoplayer.R$color: int secondary_text_disabled_material_light
com.player.exoplayer.R$styleable: int Layout_layout_constraintTop_creator
com.player.exoplayer.R$id: int material_timepicker_edit_text
com.player.exoplayer.R$styleable: int Spinner_popupTheme
com.player.exoplayer.R$color: int mtrl_tabs_icon_color_selector
com.player.exoplayer.R$id: int accessibility_custom_action_14
com.player.exoplayer.R$color: int m3_sys_color_dynamic_light_on_primary_container
com.player.exoplayer.R$style: int Widget_AppCompat_PopupMenu_Overflow
com.player.exoplayer.R$color: int m3_ref_palette_dynamic_primary30
com.player.exoplayer.R$style: int TextAppearance_M3_Sys_Typescale_HeadlineSmall
com.player.exoplayer.R$id: int mtrl_picker_header
com.player.exoplayer.R$integer: int exo_media_button_opacity_percentage_enabled
com.player.exoplayer.R$color: int m3_sys_color_light_on_primary
com.player.exoplayer.R$id: int fixed_height
com.player.exoplayer.R$attr: int alpha
com.player.exoplayer.R$styleable: int AppCompatTheme_spinnerStyle
com.player.exoplayer.R$color: int m3_ref_palette_neutral60
com.player.exoplayer.R$styleable: int FloatingActionButton_fabCustomSize
com.player.exoplayer.R$styleable: int TextInputLayout_android_maxWidth
com.player.exoplayer.R$integer: int m3_sys_motion_duration_200
com.player.exoplayer.R$color: int m3_sys_color_light_error_container
com.player.exoplayer.R$styleable: int[] ActionMenuItemView
com.player.exoplayer.R$color: int m3_sys_color_dark_on_background
com.player.exoplayer.R$styleable: int MaterialCardView_android_checkable
com.player.exoplayer.R$color: int cardview_shadow_start_color