libs/exoplayer/player-lib/build/outputs/mapping/release/usage.txt
com.player.exoplayer.BuildConfig
com.player.exoplayer.PlayerActivity$1
com.player.exoplayer.PlayerActivity$2$1
com.player.exoplayer.PlayerActivity$2
com.player.exoplayer.PlayerActivity$3
com.player.exoplayer.PlayerActivity$4
com.player.exoplayer.PlayerActivity